2025-01-16 19:52:30,084 INFO: Loading spaCy model... [in c:\Users\win10\Documents\python projs\spacy_server\spacy_server..py:38]
2025-01-16 19:52:30,085 ERROR: Failed to load spaCy model: [E050] Can't find model 'en_core_web_md'. It doesn't seem to be a Python package or a valid path to a data directory. [in c:\Users\win10\Documents\python projs\spacy_server\spacy_server..py:42]
2025-01-16 19:55:30,758 INFO: Loading spaCy model... [in c:\Users\win10\Documents\python projs\spacy_server\spacy_server..py:38]
2025-01-16 19:55:32,063 INFO: spaCy model loaded successfully [in c:\Users\win10\Documents\python projs\spacy_server\spacy_server..py:40]
2025-01-16 19:55:32,064 INFO: Starting server on 0.0.0.0:5000 [in c:\Users\win10\Documents\python projs\spacy_server\spacy_server..py:151]
2025-01-16 19:55:47,696 INFO: Processing text of length: 117 [in c:\Users\win10\Documents\python projs\spacy_server\spacy_server..py:116]
2025-01-16 19:55:47,707 INFO: Successfully processed text with 21 tokens [in c:\Users\win10\Documents\python projs\spacy_server\spacy_server..py:134]
2025-01-16 19:56:20,401 INFO: Processing text of length: 117 [in c:\Users\win10\Documents\python projs\spacy_server\spacy_server..py:116]
2025-01-16 19:56:20,411 INFO: Successfully processed text with 21 tokens [in c:\Users\win10\Documents\python projs\spacy_server\spacy_server..py:134]
2025-01-16 19:56:24,032 INFO: Processing text of length: 117 [in c:\Users\win10\Documents\python projs\spacy_server\spacy_server..py:116]
2025-01-16 19:56:24,042 INFO: Successfully processed text with 21 tokens [in c:\Users\win10\Documents\python projs\spacy_server\spacy_server..py:134]
2025-01-16 19:56:25,554 INFO: Processing text of length: 117 [in c:\Users\win10\Documents\python projs\spacy_server\spacy_server..py:116]
2025-01-16 19:56:25,564 INFO: Successfully processed text with 21 tokens [in c:\Users\win10\Documents\python projs\spacy_server\spacy_server..py:134]
2025-01-16 19:56:25,947 INFO: Processing text of length: 117 [in c:\Users\win10\Documents\python projs\spacy_server\spacy_server..py:116]
2025-01-16 19:56:25,957 INFO: Successfully processed text with 21 tokens [in c:\Users\win10\Documents\python projs\spacy_server\spacy_server..py:134]
2025-01-16 19:56:59,689 INFO: Processing text of length: 4924 [in c:\Users\win10\Documents\python projs\spacy_server\spacy_server..py:116]
2025-01-16 19:56:59,872 INFO: Successfully processed text with 775 tokens [in c:\Users\win10\Documents\python projs\spacy_server\spacy_server..py:134]
2025-01-16 19:56:59,912 INFO: Processing text of length: 4924 [in c:\Users\win10\Documents\python projs\spacy_server\spacy_server..py:116]
2025-01-16 19:57:00,073 INFO: Successfully processed text with 775 tokens [in c:\Users\win10\Documents\python projs\spacy_server\spacy_server..py:134]
2025-01-16 20:07:36,560 INFO: Loading spaCy model... [in C:\Users\win10\Documents\python projs\spacy_server\spacy_server..py:38]
2025-01-16 20:07:37,442 INFO: spaCy model loaded successfully [in C:\Users\win10\Documents\python projs\spacy_server\spacy_server..py:40]
2025-01-16 20:07:37,442 INFO: Starting server on 0.0.0.0:5000 [in C:\Users\win10\Documents\python projs\spacy_server\spacy_server..py:151]
